open("/etc/ld.so.cache", O_RDONLY|O_CLOEXEC) = 3
close(3)                                = 0
open("/lib/x86_64-linux-gnu/libc.so.6", O_RDONLY|O_CLOEXEC) = 3
read(3, "\177ELF\2\1\1\3\0\0\0\0\0\0\0\0\3\0>\0\1\0\0\0`\t\2\0\0\0\0\0"..., 832) = 832
close(3)                                = 0
open("cmd2.sh", O_RDONLY)               = 3
read(3, "# Passing arguments to a shell s"..., 1048576) = 159
write(1, "# Passing arguments to a shell s"..., 38) = 38
write(1, "echo 1. argument: $1\n", 21)  = 21
write(1, "echo 2. argument: $2\n", 21)  = 21
write(1, "echo 3. argument: $3\n", 21)  = 21
write(1, "echo Total number of arguments: "..., 35) = 35
write(1, "echo All arguments: $*\n", 23) = 23
read(3, "", 1048576)                    = 0
close(3)                                = 0
+++ exited with 0 +++
% time     seconds  usecs/call     calls    errors syscall
------ ----------- ----------- --------- --------- ----------------
  0.00    0.000000           0         3           read
  0.00    0.000000           0         6           write
  0.00    0.000000           0         3           open
  0.00    0.000000           0         3           close
------ ----------- ----------- --------- --------- ----------------
100.00    0.000000                    15           total
